\BOOKMARK [0][-]{chapter.1}{\376\377\000E\000E\000C\000E\0004\0003\0005\000L\000\040\000G\000a\000m\000e}{}% 1
\BOOKMARK [0][-]{chapter.2}{\376\377\000H\000i\000e\000r\000a\000r\000c\000h\000i\000c\000a\000l\000\040\000I\000n\000d\000e\000x}{}% 2
\BOOKMARK [1][-]{section.2.1}{\376\377\000C\000l\000a\000s\000s\000\040\000H\000i\000e\000r\000a\000r\000c\000h\000y}{chapter.2}% 3
\BOOKMARK [0][-]{chapter.3}{\376\377\000C\000l\000a\000s\000s\000\040\000I\000n\000d\000e\000x}{}% 4
\BOOKMARK [1][-]{section.3.1}{\376\377\000C\000l\000a\000s\000s\000\040\000L\000i\000s\000t}{chapter.3}% 5
\BOOKMARK [0][-]{chapter.4}{\376\377\000F\000i\000l\000e\000\040\000I\000n\000d\000e\000x}{}% 6
\BOOKMARK [1][-]{section.4.1}{\376\377\000F\000i\000l\000e\000\040\000L\000i\000s\000t}{chapter.4}% 7
\BOOKMARK [0][-]{chapter.5}{\376\377\000C\000l\000a\000s\000s\000\040\000D\000o\000c\000u\000m\000e\000n\000t\000a\000t\000i\000o\000n}{}% 8
\BOOKMARK [1][-]{section.5.1}{\376\377\000b\000o\000a\000t\000\040\000C\000l\000a\000s\000s\000\040\000R\000e\000f\000e\000r\000e\000n\000c\000e}{chapter.5}% 9
\BOOKMARK [1][-]{section.5.2}{\376\377\000B\000u\000g\000\040\000C\000l\000a\000s\000s\000\040\000R\000e\000f\000e\000r\000e\000n\000c\000e}{chapter.5}% 10
\BOOKMARK [1][-]{section.5.3}{\376\377\000B\000u\000l\000l\000e\000t\000\040\000C\000l\000a\000s\000s\000\040\000R\000e\000f\000e\000r\000e\000n\000c\000e}{chapter.5}% 11
\BOOKMARK [1][-]{section.5.4}{\376\377\000C\000o\000f\000f\000e\000e\000C\000u\000p\000\040\000C\000l\000a\000s\000s\000\040\000R\000e\000f\000e\000r\000e\000n\000c\000e}{chapter.5}% 12
\BOOKMARK [1][-]{section.5.5}{\376\377\000g\000a\000m\000e\0001\000s\000c\000e\000n\000e\000\040\000C\000l\000a\000s\000s\000\040\000R\000e\000f\000e\000r\000e\000n\000c\000e}{chapter.5}% 13
\BOOKMARK [2][-]{subsection.5.5.1}{\376\377\000C\000o\000n\000s\000t\000r\000u\000c\000t\000o\000r\000\040\000\046\000\040\000D\000e\000s\000t\000r\000u\000c\000t\000o\000r\000\040\000D\000o\000c\000u\000m\000e\000n\000t\000a\000t\000i\000o\000n}{section.5.5}% 14
\BOOKMARK [3][-]{subsubsection.5.5.1.1}{\376\377\000g\000a\000m\000e\0001\000s\000c\000e\000n\000e}{subsection.5.5.1}% 15
\BOOKMARK [2][-]{subsection.5.5.2}{\376\377\000M\000e\000m\000b\000e\000r\000\040\000F\000u\000n\000c\000t\000i\000o\000n\000\040\000D\000o\000c\000u\000m\000e\000n\000t\000a\000t\000i\000o\000n}{section.5.5}% 16
\BOOKMARK [3][-]{subsubsection.5.5.2.1}{\376\377\000g\000e\000t\000L\000e\000v\000e\000l}{subsection.5.5.2}% 17
\BOOKMARK [3][-]{subsubsection.5.5.2.2}{\376\377\000p\000r\000o\000f\000i\000l\000e\000P\000a\000r\000s\000e\000r}{subsection.5.5.2}% 18
\BOOKMARK [3][-]{subsubsection.5.5.2.3}{\376\377\000s\000e\000t\000U\000p\000C\000o\000u\000n\000t\000d\000o\000w\000n\000T\000i\000m\000e\000r}{subsection.5.5.2}% 19
\BOOKMARK [3][-]{subsubsection.5.5.2.4}{\376\377\000s\000t\000a\000r\000t\000L\000e\000v\000e\000l}{subsection.5.5.2}% 20
\BOOKMARK [3][-]{subsubsection.5.5.2.5}{\376\377\000u\000p\000d\000a\000t\000e\000C\000o\000u\000n\000t\000d\000o\000w\000n\000T\000i\000m\000e\000r}{subsection.5.5.2}% 21
\BOOKMARK [3][-]{subsubsection.5.5.2.6}{\376\377\000u\000p\000d\000a\000t\000e\000P\000o\000s\000i\000t\000i\000o\000n\0001}{subsection.5.5.2}% 22
\BOOKMARK [3][-]{subsubsection.5.5.2.7}{\376\377\000u\000p\000d\000a\000t\000e\000P\000o\000s\000i\000t\000i\000o\000n\0002}{subsection.5.5.2}% 23
\BOOKMARK [3][-]{subsubsection.5.5.2.8}{\376\377\000u\000p\000d\000a\000t\000e\000P\000o\000s\000i\000t\000i\000o\000n\0003}{subsection.5.5.2}% 24
\BOOKMARK [3][-]{subsubsection.5.5.2.9}{\376\377\000u\000p\000d\000a\000t\000e\000P\000o\000s\000i\000t\000i\000o\000n\0004}{subsection.5.5.2}% 25
\BOOKMARK [3][-]{subsubsection.5.5.2.10}{\376\377\000u\000p\000d\000a\000t\000e\000P\000o\000s\000i\000t\000i\000o\000n\0005}{subsection.5.5.2}% 26
\BOOKMARK [3][-]{subsubsection.5.5.2.11}{\376\377\000u\000p\000d\000a\000t\000e\000P\000o\000s\000i\000t\000i\000o\000n\0006}{subsection.5.5.2}% 27
\BOOKMARK [3][-]{subsubsection.5.5.2.12}{\376\377\000u\000p\000d\000a\000t\000e\000P\000o\000s\000i\000t\000i\000o\000n\0007}{subsection.5.5.2}% 28
\BOOKMARK [3][-]{subsubsection.5.5.2.13}{\376\377\000u\000p\000d\000a\000t\000e\000P\000o\000s\000i\000t\000i\000o\000n\0008}{subsection.5.5.2}% 29
\BOOKMARK [1][-]{section.5.6}{\376\377\000G\000a\000m\000e\0002\000S\000c\000e\000n\000e\000\040\000C\000l\000a\000s\000s\000\040\000R\000e\000f\000e\000r\000e\000n\000c\000e}{chapter.5}% 30
\BOOKMARK [2][-]{subsection.5.6.1}{\376\377\000M\000e\000m\000b\000e\000r\000\040\000F\000u\000n\000c\000t\000i\000o\000n\000\040\000D\000o\000c\000u\000m\000e\000n\000t\000a\000t\000i\000o\000n}{section.5.6}% 31
\BOOKMARK [3][-]{subsubsection.5.6.1.1}{\376\377\000g\000e\000t\000H\000i\000g\000h\000S\000c\000o\000r\000e}{subsection.5.6.1}% 32
\BOOKMARK [3][-]{subsubsection.5.6.1.2}{\376\377\000u\000p\000d\000a\000t\000e\000H\000i\000g\000h\000S\000c\000o\000r\000e}{subsection.5.6.1}% 33
\BOOKMARK [2][-]{subsection.5.6.2}{\376\377\000M\000e\000m\000b\000e\000r\000\040\000D\000a\000t\000a\000\040\000D\000o\000c\000u\000m\000e\000n\000t\000a\000t\000i\000o\000n}{section.5.6}% 34
\BOOKMARK [3][-]{subsubsection.5.6.2.1}{\376\377\000s\000c\000o\000r\000e\000L}{subsection.5.6.2}% 35
\BOOKMARK [1][-]{section.5.7}{\376\377\000g\000a\000m\000e\000O\000v\000e\000r\000\040\000C\000l\000a\000s\000s\000\040\000R\000e\000f\000e\000r\000e\000n\000c\000e}{chapter.5}% 36
\BOOKMARK [1][-]{section.5.8}{\376\377\000g\000a\000m\000e\000s\000W\000i\000d\000g\000e\000t\000\040\000C\000l\000a\000s\000s\000\040\000R\000e\000f\000e\000r\000e\000n\000c\000e}{chapter.5}% 37
\BOOKMARK [2][-]{subsection.5.8.1}{\376\377\000M\000e\000m\000b\000e\000r\000\040\000F\000u\000n\000c\000t\000i\000o\000n\000\040\000D\000o\000c\000u\000m\000e\000n\000t\000a\000t\000i\000o\000n}{section.5.8}% 38
\BOOKMARK [3][-]{subsubsection.5.8.1.1}{\376\377\000s\000t\000a\000r\000t\000G\000a\000m\000e\0001}{subsection.5.8.1}% 39
\BOOKMARK [1][-]{section.5.9}{\376\377\000h\000i\000n\000t\000s\000\040\000C\000l\000a\000s\000s\000\040\000R\000e\000f\000e\000r\000e\000n\000c\000e}{chapter.5}% 40
\BOOKMARK [1][-]{section.5.10}{\376\377\000i\000n\000s\000t\000r\000u\000c\000t\000i\000o\000n\000\040\000C\000l\000a\000s\000s\000\040\000R\000e\000f\000e\000r\000e\000n\000c\000e}{chapter.5}% 41
\BOOKMARK [1][-]{section.5.11}{\376\377\000L\000e\000v\000e\000l\000P\000a\000r\000s\000e\000r\000\040\000C\000l\000a\000s\000s\000\040\000R\000e\000f\000e\000r\000e\000n\000c\000e}{chapter.5}% 42
\BOOKMARK [1][-]{section.5.12}{\376\377\000l\000e\000v\000e\000l\000s\000\040\000C\000l\000a\000s\000s\000\040\000R\000e\000f\000e\000r\000e\000n\000c\000e}{chapter.5}% 43
\BOOKMARK [2][-]{subsection.5.12.1}{\376\377\000M\000e\000m\000b\000e\000r\000\040\000F\000u\000n\000c\000t\000i\000o\000n\000\040\000D\000o\000c\000u\000m\000e\000n\000t\000a\000t\000i\000o\000n}{section.5.12}% 44
\BOOKMARK [3][-]{subsubsection.5.12.1.1}{\376\377\000g\000e\000t\000S\000c\000o\000r\000e}{subsection.5.12.1}% 45
\BOOKMARK [3][-]{subsubsection.5.12.1.2}{\376\377\000i\000n\000c\000r\000e\000m\000e\000n\000t\000H\000i\000n\000t\000N\000u\000m\000b\000e\000r}{subsection.5.12.1}% 46
\BOOKMARK [3][-]{subsubsection.5.12.1.3}{\376\377\000p\000r\000o\000f\000i\000l\000e\000P\000a\000r\000s\000e\000r}{subsection.5.12.1}% 47
\BOOKMARK [3][-]{subsubsection.5.12.1.4}{\376\377\000r\000e\000s\000e\000t\000H\000i\000n\000t\000N\000u\000m\000b\000e\000r}{subsection.5.12.1}% 48
\BOOKMARK [3][-]{subsubsection.5.12.1.5}{\376\377\000r\000e\000s\000e\000t\000L\000i\000v\000e\000s}{subsection.5.12.1}% 49
\BOOKMARK [3][-]{subsubsection.5.12.1.6}{\376\377\000s\000e\000t\000P\000o\000p\000e\000y\000e\000X\0001}{subsection.5.12.1}% 50
\BOOKMARK [3][-]{subsubsection.5.12.1.7}{\376\377\000u\000p\000d\000a\000t\000e\000L\000e\000v\000e\000l}{subsection.5.12.1}% 51
\BOOKMARK [3][-]{subsubsection.5.12.1.8}{\376\377\000u\000p\000d\000a\000t\000e\000L\000e\000v\000e\000l\000O\000n\000e}{subsection.5.12.1}% 52
\BOOKMARK [3][-]{subsubsection.5.12.1.9}{\376\377\000u\000p\000d\000a\000t\000e\000S\000c\000o\000r\000e}{subsection.5.12.1}% 53
\BOOKMARK [1][-]{section.5.13}{\376\377\000l\000e\000v\000e\000l\000s\000s\000c\000e\000n\000e\000\040\000C\000l\000a\000s\000s\000\040\000R\000e\000f\000e\000r\000e\000n\000c\000e}{chapter.5}% 54
\BOOKMARK [2][-]{subsection.5.13.1}{\376\377\000C\000o\000n\000s\000t\000r\000u\000c\000t\000o\000r\000\040\000\046\000\040\000D\000e\000s\000t\000r\000u\000c\000t\000o\000r\000\040\000D\000o\000c\000u\000m\000e\000n\000t\000a\000t\000i\000o\000n}{section.5.13}% 55
\BOOKMARK [3][-]{subsubsection.5.13.1.1}{\376\377\000l\000e\000v\000e\000l\000s\000s\000c\000e\000n\000e}{subsection.5.13.1}% 56
\BOOKMARK [2][-]{subsection.5.13.2}{\376\377\000M\000e\000m\000b\000e\000r\000\040\000F\000u\000n\000c\000t\000i\000o\000n\000\040\000D\000o\000c\000u\000m\000e\000n\000t\000a\000t\000i\000o\000n}{section.5.13}% 57
\BOOKMARK [3][-]{subsubsection.5.13.2.1}{\376\377\000c\000h\000e\000c\000k\000A\000n\000s\000w\000e\000r}{subsection.5.13.2}% 58
\BOOKMARK [3][-]{subsubsection.5.13.2.2}{\376\377\000h\000i\000d\000e\000S\000c\000e\000n\000e}{subsection.5.13.2}% 59
\BOOKMARK [3][-]{subsubsection.5.13.2.3}{\376\377\000p\000a\000u\000s\000e\000L\000e\000v\000e\000l}{subsection.5.13.2}% 60
\BOOKMARK [3][-]{subsubsection.5.13.2.4}{\376\377\000r\000e\000t\000r\000y\000L\000e\000v\000e\000l}{subsection.5.13.2}% 61
\BOOKMARK [3][-]{subsubsection.5.13.2.5}{\376\377\000s\000e\000t\000U\000p\000C\000o\000u\000n\000t\000d\000o\000w\000n\000T\000i\000m\000e\000r}{subsection.5.13.2}% 62
\BOOKMARK [3][-]{subsubsection.5.13.2.6}{\376\377\000u\000p\000d\000a\000t\000e\000C\000o\000u\000n\000t\000d\000o\000w\000n\000T\000i\000m\000e\000r}{subsection.5.13.2}% 63
\BOOKMARK [3][-]{subsubsection.5.13.2.7}{\376\377\000y\000o\000u\000L\000o\000s\000t}{subsection.5.13.2}% 64
\BOOKMARK [3][-]{subsubsection.5.13.2.8}{\376\377\000y\000o\000u\000W\000o\000n}{subsection.5.13.2}% 65
\BOOKMARK [1][-]{section.5.14}{\376\377\000L\000i\000f\000e\000C\000o\000u\000n\000t\000e\000r\000\040\000C\000l\000a\000s\000s\000\040\000R\000e\000f\000e\000r\000e\000n\000c\000e}{chapter.5}% 66
\BOOKMARK [1][-]{section.5.15}{\376\377\000l\000o\000c\000k\000s\000\040\000C\000l\000a\000s\000s\000\040\000R\000e\000f\000e\000r\000e\000n\000c\000e}{chapter.5}% 67
\BOOKMARK [1][-]{section.5.16}{\376\377\000l\000o\000g\000g\000I\000n\000W\000i\000d\000g\000e\000t\000\040\000C\000l\000a\000s\000s\000\040\000R\000e\000f\000e\000r\000e\000n\000c\000e}{chapter.5}% 68
\BOOKMARK [1][-]{section.5.17}{\376\377\000L\000o\000g\000O\000n\000W\000i\000d\000g\000e\000t\000\040\000C\000l\000a\000s\000s\000\040\000R\000e\000f\000e\000r\000e\000n\000c\000e}{chapter.5}% 69
\BOOKMARK [1][-]{section.5.18}{\376\377\000l\000o\000s\000t\000\040\000C\000l\000a\000s\000s\000\040\000R\000e\000f\000e\000r\000e\000n\000c\000e}{chapter.5}% 70
\BOOKMARK [2][-]{subsection.5.18.1}{\376\377\000C\000o\000n\000s\000t\000r\000u\000c\000t\000o\000r\000\040\000\046\000\040\000D\000e\000s\000t\000r\000u\000c\000t\000o\000r\000\040\000D\000o\000c\000u\000m\000e\000n\000t\000a\000t\000i\000o\000n}{section.5.18}% 71
\BOOKMARK [3][-]{subsubsection.5.18.1.1}{\376\377\000l\000o\000s\000t}{subsection.5.18.1}% 72
\BOOKMARK [3][-]{subsubsection.5.18.1.2}{\376\377\000l\000o\000s\000t}{subsection.5.18.1}% 73
\BOOKMARK [1][-]{section.5.19}{\376\377\000m\000i\000n\000i\000B\000u\000g\000\040\000C\000l\000a\000s\000s\000\040\000R\000e\000f\000e\000r\000e\000n\000c\000e}{chapter.5}% 74
\BOOKMARK [1][-]{section.5.20}{\376\377\000P\000o\000p\000e\000y\000e\000\040\000C\000l\000a\000s\000s\000\040\000R\000e\000f\000e\000r\000e\000n\000c\000e}{chapter.5}% 75
\BOOKMARK [1][-]{section.5.21}{\376\377\000Q\000u\000a\000l\000i\000t\000y\000C\000o\000n\000t\000r\000o\000l\000I\000c\000o\000n\000\040\000C\000l\000a\000s\000s\000\040\000R\000e\000f\000e\000r\000e\000n\000c\000e}{chapter.5}% 76
\BOOKMARK [1][-]{section.5.22}{\376\377\000r\000i\000v\000e\000r\000\040\000C\000l\000a\000s\000s\000\040\000R\000e\000f\000e\000r\000e\000n\000c\000e}{chapter.5}% 77
\BOOKMARK [1][-]{section.5.23}{\376\377\000r\000i\000v\000e\000r\000O\000b\000s\000t\000a\000c\000l\000e\000\040\000C\000l\000a\000s\000s\000\040\000R\000e\000f\000e\000r\000e\000n\000c\000e}{chapter.5}% 78
\BOOKMARK [1][-]{section.5.24}{\376\377\000r\000o\000c\000k\000\040\000C\000l\000a\000s\000s\000\040\000R\000e\000f\000e\000r\000e\000n\000c\000e}{chapter.5}% 79
\BOOKMARK [1][-]{section.5.25}{\376\377\000S\000h\000i\000e\000l\000d\000\040\000C\000l\000a\000s\000s\000\040\000R\000e\000f\000e\000r\000e\000n\000c\000e}{chapter.5}% 80
\BOOKMARK [1][-]{section.5.26}{\376\377\000s\000i\000g\000n\000I\000n\000W\000i\000d\000g\000e\000t\000\040\000C\000l\000a\000s\000s\000\040\000R\000e\000f\000e\000r\000e\000n\000c\000e}{chapter.5}% 81
\BOOKMARK [1][-]{section.5.27}{\376\377\000S\000i\000g\000n\000U\000p\000W\000i\000d\000g\000e\000t\000\040\000C\000l\000a\000s\000s\000\040\000R\000e\000f\000e\000r\000e\000n\000c\000e}{chapter.5}% 82
\BOOKMARK [1][-]{section.5.28}{\376\377\000s\000m\000a\000l\000l\000R\000i\000v\000e\000r\000\040\000C\000l\000a\000s\000s\000\040\000R\000e\000f\000e\000r\000e\000n\000c\000e}{chapter.5}% 83
\BOOKMARK [1][-]{section.5.29}{\376\377\000s\000p\000i\000n\000a\000c\000h\000\040\000C\000l\000a\000s\000s\000\040\000R\000e\000f\000e\000r\000e\000n\000c\000e}{chapter.5}% 84
\BOOKMARK [1][-]{section.5.30}{\376\377\000T\000e\000s\000t\000e\000r\000\040\000C\000l\000a\000s\000s\000\040\000R\000e\000f\000e\000r\000e\000n\000c\000e}{chapter.5}% 85
\BOOKMARK [1][-]{section.5.31}{\376\377\000T\000e\000s\000t\000i\000n\000g\000I\000c\000o\000n\000\040\000C\000l\000a\000s\000s\000\040\000R\000e\000f\000e\000r\000e\000n\000c\000e}{chapter.5}% 86
\BOOKMARK [1][-]{section.5.32}{\376\377\000W\000a\000l\000l\000\040\000C\000l\000a\000s\000s\000\040\000R\000e\000f\000e\000r\000e\000n\000c\000e}{chapter.5}% 87
\BOOKMARK [1][-]{section.5.33}{\376\377\000W\000o\000n\000\040\000C\000l\000a\000s\000s\000\040\000R\000e\000f\000e\000r\000e\000n\000c\000e}{chapter.5}% 88
\BOOKMARK [2][-]{subsection.5.33.1}{\376\377\000C\000o\000n\000s\000t\000r\000u\000c\000t\000o\000r\000\040\000\046\000\040\000D\000e\000s\000t\000r\000u\000c\000t\000o\000r\000\040\000D\000o\000c\000u\000m\000e\000n\000t\000a\000t\000i\000o\000n}{section.5.33}% 89
\BOOKMARK [3][-]{subsubsection.5.33.1.1}{\376\377\000W\000o\000n}{subsection.5.33.1}% 90
\BOOKMARK [0][-]{chapter.6}{\376\377\000F\000i\000l\000e\000\040\000D\000o\000c\000u\000m\000e\000n\000t\000a\000t\000i\000o\000n}{}% 91
\BOOKMARK [1][-]{section.6.1}{\376\377\000b\000o\000a\000t\000.\000c\000p\000p\000\040\000F\000i\000l\000e\000\040\000R\000e\000f\000e\000r\000e\000n\000c\000e}{chapter.6}% 92
\BOOKMARK [2][-]{subsection.6.1.1}{\376\377\000D\000e\000t\000a\000i\000l\000e\000d\000\040\000D\000e\000s\000c\000r\000i\000p\000t\000i\000o\000n}{section.6.1}% 93
\BOOKMARK [1][-]{section.6.2}{\376\377\000b\000o\000a\000t\000.\000h\000\040\000F\000i\000l\000e\000\040\000R\000e\000f\000e\000r\000e\000n\000c\000e}{chapter.6}% 94
\BOOKMARK [2][-]{subsection.6.2.1}{\376\377\000D\000e\000t\000a\000i\000l\000e\000d\000\040\000D\000e\000s\000c\000r\000i\000p\000t\000i\000o\000n}{section.6.2}% 95
\BOOKMARK [1][-]{section.6.3}{\376\377\000b\000u\000g\000.\000c\000p\000p\000\040\000F\000i\000l\000e\000\040\000R\000e\000f\000e\000r\000e\000n\000c\000e}{chapter.6}% 96
\BOOKMARK [2][-]{subsection.6.3.1}{\376\377\000D\000e\000t\000a\000i\000l\000e\000d\000\040\000D\000e\000s\000c\000r\000i\000p\000t\000i\000o\000n}{section.6.3}% 97
\BOOKMARK [1][-]{section.6.4}{\376\377\000b\000u\000g\000.\000h\000\040\000F\000i\000l\000e\000\040\000R\000e\000f\000e\000r\000e\000n\000c\000e}{chapter.6}% 98
\BOOKMARK [2][-]{subsection.6.4.1}{\376\377\000D\000e\000t\000a\000i\000l\000e\000d\000\040\000D\000e\000s\000c\000r\000i\000p\000t\000i\000o\000n}{section.6.4}% 99
\BOOKMARK [1][-]{section.6.5}{\376\377\000b\000u\000l\000l\000e\000t\000.\000c\000p\000p\000\040\000F\000i\000l\000e\000\040\000R\000e\000f\000e\000r\000e\000n\000c\000e}{chapter.6}% 100
\BOOKMARK [2][-]{subsection.6.5.1}{\376\377\000D\000e\000t\000a\000i\000l\000e\000d\000\040\000D\000e\000s\000c\000r\000i\000p\000t\000i\000o\000n}{section.6.5}% 101
\BOOKMARK [1][-]{section.6.6}{\376\377\000b\000u\000l\000l\000e\000t\000.\000h\000\040\000F\000i\000l\000e\000\040\000R\000e\000f\000e\000r\000e\000n\000c\000e}{chapter.6}% 102
\BOOKMARK [2][-]{subsection.6.6.1}{\376\377\000D\000e\000t\000a\000i\000l\000e\000d\000\040\000D\000e\000s\000c\000r\000i\000p\000t\000i\000o\000n}{section.6.6}% 103
\BOOKMARK [1][-]{section.6.7}{\376\377\000c\000o\000f\000f\000e\000e\000c\000u\000p\000.\000c\000p\000p\000\040\000F\000i\000l\000e\000\040\000R\000e\000f\000e\000r\000e\000n\000c\000e}{chapter.6}% 104
\BOOKMARK [2][-]{subsection.6.7.1}{\376\377\000D\000e\000t\000a\000i\000l\000e\000d\000\040\000D\000e\000s\000c\000r\000i\000p\000t\000i\000o\000n}{section.6.7}% 105
\BOOKMARK [1][-]{section.6.8}{\376\377\000c\000o\000f\000f\000e\000e\000c\000u\000p\000.\000h\000\040\000F\000i\000l\000e\000\040\000R\000e\000f\000e\000r\000e\000n\000c\000e}{chapter.6}% 106
\BOOKMARK [2][-]{subsection.6.8.1}{\376\377\000D\000e\000t\000a\000i\000l\000e\000d\000\040\000D\000e\000s\000c\000r\000i\000p\000t\000i\000o\000n}{section.6.8}% 107
\BOOKMARK [1][-]{section.6.9}{\376\377\000g\000a\000m\000e\0001\000s\000c\000e\000n\000e\000.\000c\000p\000p\000\040\000F\000i\000l\000e\000\040\000R\000e\000f\000e\000r\000e\000n\000c\000e}{chapter.6}% 108
\BOOKMARK [2][-]{subsection.6.9.1}{\376\377\000D\000e\000t\000a\000i\000l\000e\000d\000\040\000D\000e\000s\000c\000r\000i\000p\000t\000i\000o\000n}{section.6.9}% 109
\BOOKMARK [1][-]{section.6.10}{\376\377\000g\000a\000m\000e\0001\000s\000c\000e\000n\000e\000.\000h\000\040\000F\000i\000l\000e\000\040\000R\000e\000f\000e\000r\000e\000n\000c\000e}{chapter.6}% 110
\BOOKMARK [2][-]{subsection.6.10.1}{\376\377\000D\000e\000t\000a\000i\000l\000e\000d\000\040\000D\000e\000s\000c\000r\000i\000p\000t\000i\000o\000n}{section.6.10}% 111
\BOOKMARK [1][-]{section.6.11}{\376\377\000g\000a\000m\000e\0002\000s\000c\000e\000n\000e\000.\000c\000p\000p\000\040\000F\000i\000l\000e\000\040\000R\000e\000f\000e\000r\000e\000n\000c\000e}{chapter.6}% 112
\BOOKMARK [2][-]{subsection.6.11.1}{\376\377\000D\000e\000t\000a\000i\000l\000e\000d\000\040\000D\000e\000s\000c\000r\000i\000p\000t\000i\000o\000n}{section.6.11}% 113
\BOOKMARK [1][-]{section.6.12}{\376\377\000g\000a\000m\000e\0002\000s\000c\000e\000n\000e\000.\000h\000\040\000F\000i\000l\000e\000\040\000R\000e\000f\000e\000r\000e\000n\000c\000e}{chapter.6}% 114
\BOOKMARK [2][-]{subsection.6.12.1}{\376\377\000D\000e\000t\000a\000i\000l\000e\000d\000\040\000D\000e\000s\000c\000r\000i\000p\000t\000i\000o\000n}{section.6.12}% 115
\BOOKMARK [1][-]{section.6.13}{\376\377\000g\000a\000m\000e\000s\000w\000i\000d\000g\000e\000t\000.\000c\000p\000p\000\040\000F\000i\000l\000e\000\040\000R\000e\000f\000e\000r\000e\000n\000c\000e}{chapter.6}% 116
\BOOKMARK [2][-]{subsection.6.13.1}{\376\377\000D\000e\000t\000a\000i\000l\000e\000d\000\040\000D\000e\000s\000c\000r\000i\000p\000t\000i\000o\000n}{section.6.13}% 117
\BOOKMARK [1][-]{section.6.14}{\376\377\000h\000i\000n\000t\000s\000.\000c\000p\000p\000\040\000F\000i\000l\000e\000\040\000R\000e\000f\000e\000r\000e\000n\000c\000e}{chapter.6}% 118
\BOOKMARK [2][-]{subsection.6.14.1}{\376\377\000D\000e\000t\000a\000i\000l\000e\000d\000\040\000D\000e\000s\000c\000r\000i\000p\000t\000i\000o\000n}{section.6.14}% 119
\BOOKMARK [1][-]{section.6.15}{\376\377\000h\000i\000n\000t\000s\000.\000h\000\040\000F\000i\000l\000e\000\040\000R\000e\000f\000e\000r\000e\000n\000c\000e}{chapter.6}% 120
\BOOKMARK [2][-]{subsection.6.15.1}{\376\377\000D\000e\000t\000a\000i\000l\000e\000d\000\040\000D\000e\000s\000c\000r\000i\000p\000t\000i\000o\000n}{section.6.15}% 121
\BOOKMARK [1][-]{section.6.16}{\376\377\000i\000n\000s\000t\000r\000u\000c\000t\000i\000o\000n\000.\000c\000p\000p\000\040\000F\000i\000l\000e\000\040\000R\000e\000f\000e\000r\000e\000n\000c\000e}{chapter.6}% 122
\BOOKMARK [2][-]{subsection.6.16.1}{\376\377\000D\000e\000t\000a\000i\000l\000e\000d\000\040\000D\000e\000s\000c\000r\000i\000p\000t\000i\000o\000n}{section.6.16}% 123
\BOOKMARK [1][-]{section.6.17}{\376\377\000i\000n\000s\000t\000r\000u\000c\000t\000i\000o\000n\000.\000h\000\040\000F\000i\000l\000e\000\040\000R\000e\000f\000e\000r\000e\000n\000c\000e}{chapter.6}% 124
\BOOKMARK [2][-]{subsection.6.17.1}{\376\377\000D\000e\000t\000a\000i\000l\000e\000d\000\040\000D\000e\000s\000c\000r\000i\000p\000t\000i\000o\000n}{section.6.17}% 125
\BOOKMARK [1][-]{section.6.18}{\376\377\000l\000e\000v\000e\000l\000p\000a\000r\000s\000e\000r\000.\000c\000p\000p\000\040\000F\000i\000l\000e\000\040\000R\000e\000f\000e\000r\000e\000n\000c\000e}{chapter.6}% 126
\BOOKMARK [2][-]{subsection.6.18.1}{\376\377\000D\000e\000t\000a\000i\000l\000e\000d\000\040\000D\000e\000s\000c\000r\000i\000p\000t\000i\000o\000n}{section.6.18}% 127
\BOOKMARK [1][-]{section.6.19}{\376\377\000l\000e\000v\000e\000l\000p\000a\000r\000s\000e\000r\000.\000h\000\040\000F\000i\000l\000e\000\040\000R\000e\000f\000e\000r\000e\000n\000c\000e}{chapter.6}% 128
\BOOKMARK [2][-]{subsection.6.19.1}{\376\377\000D\000e\000t\000a\000i\000l\000e\000d\000\040\000D\000e\000s\000c\000r\000i\000p\000t\000i\000o\000n}{section.6.19}% 129
\BOOKMARK [1][-]{section.6.20}{\376\377\000l\000e\000v\000e\000l\000s\000.\000c\000p\000p\000\040\000F\000i\000l\000e\000\040\000R\000e\000f\000e\000r\000e\000n\000c\000e}{chapter.6}% 130
\BOOKMARK [2][-]{subsection.6.20.1}{\376\377\000D\000e\000t\000a\000i\000l\000e\000d\000\040\000D\000e\000s\000c\000r\000i\000p\000t\000i\000o\000n}{section.6.20}% 131
\BOOKMARK [1][-]{section.6.21}{\376\377\000l\000e\000v\000e\000l\000s\000.\000h\000\040\000F\000i\000l\000e\000\040\000R\000e\000f\000e\000r\000e\000n\000c\000e}{chapter.6}% 132
\BOOKMARK [2][-]{subsection.6.21.1}{\376\377\000D\000e\000t\000a\000i\000l\000e\000d\000\040\000D\000e\000s\000c\000r\000i\000p\000t\000i\000o\000n}{section.6.21}% 133
\BOOKMARK [1][-]{section.6.22}{\376\377\000l\000e\000v\000e\000l\000s\000s\000c\000e\000n\000e\000.\000c\000p\000p\000\040\000F\000i\000l\000e\000\040\000R\000e\000f\000e\000r\000e\000n\000c\000e}{chapter.6}% 134
\BOOKMARK [2][-]{subsection.6.22.1}{\376\377\000D\000e\000t\000a\000i\000l\000e\000d\000\040\000D\000e\000s\000c\000r\000i\000p\000t\000i\000o\000n}{section.6.22}% 135
\BOOKMARK [1][-]{section.6.23}{\376\377\000l\000i\000f\000e\000c\000o\000u\000n\000t\000e\000r\000.\000c\000p\000p\000\040\000F\000i\000l\000e\000\040\000R\000e\000f\000e\000r\000e\000n\000c\000e}{chapter.6}% 136
\BOOKMARK [2][-]{subsection.6.23.1}{\376\377\000D\000e\000t\000a\000i\000l\000e\000d\000\040\000D\000e\000s\000c\000r\000i\000p\000t\000i\000o\000n}{section.6.23}% 137
\BOOKMARK [1][-]{section.6.24}{\376\377\000l\000i\000f\000e\000c\000o\000u\000n\000t\000e\000r\000.\000h\000\040\000F\000i\000l\000e\000\040\000R\000e\000f\000e\000r\000e\000n\000c\000e}{chapter.6}% 138
\BOOKMARK [2][-]{subsection.6.24.1}{\376\377\000D\000e\000t\000a\000i\000l\000e\000d\000\040\000D\000e\000s\000c\000r\000i\000p\000t\000i\000o\000n}{section.6.24}% 139
\BOOKMARK [1][-]{section.6.25}{\376\377\000l\000o\000c\000k\000s\000.\000c\000p\000p\000\040\000F\000i\000l\000e\000\040\000R\000e\000f\000e\000r\000e\000n\000c\000e}{chapter.6}% 140
\BOOKMARK [2][-]{subsection.6.25.1}{\376\377\000D\000e\000t\000a\000i\000l\000e\000d\000\040\000D\000e\000s\000c\000r\000i\000p\000t\000i\000o\000n}{section.6.25}% 141
\BOOKMARK [1][-]{section.6.26}{\376\377\000l\000o\000c\000k\000s\000.\000h\000\040\000F\000i\000l\000e\000\040\000R\000e\000f\000e\000r\000e\000n\000c\000e}{chapter.6}% 142
\BOOKMARK [2][-]{subsection.6.26.1}{\376\377\000D\000e\000t\000a\000i\000l\000e\000d\000\040\000D\000e\000s\000c\000r\000i\000p\000t\000i\000o\000n}{section.6.26}% 143
\BOOKMARK [1][-]{section.6.27}{\376\377\000l\000o\000s\000t\000.\000c\000p\000p\000\040\000F\000i\000l\000e\000\040\000R\000e\000f\000e\000r\000e\000n\000c\000e}{chapter.6}% 144
\BOOKMARK [2][-]{subsection.6.27.1}{\376\377\000D\000e\000t\000a\000i\000l\000e\000d\000\040\000D\000e\000s\000c\000r\000i\000p\000t\000i\000o\000n}{section.6.27}% 145
\BOOKMARK [1][-]{section.6.28}{\376\377\000l\000o\000s\000t\000.\000h\000\040\000F\000i\000l\000e\000\040\000R\000e\000f\000e\000r\000e\000n\000c\000e}{chapter.6}% 146
\BOOKMARK [2][-]{subsection.6.28.1}{\376\377\000D\000e\000t\000a\000i\000l\000e\000d\000\040\000D\000e\000s\000c\000r\000i\000p\000t\000i\000o\000n}{section.6.28}% 147
\BOOKMARK [1][-]{section.6.29}{\376\377\000m\000i\000n\000i\000b\000u\000g\000.\000c\000p\000p\000\040\000F\000i\000l\000e\000\040\000R\000e\000f\000e\000r\000e\000n\000c\000e}{chapter.6}% 148
\BOOKMARK [2][-]{subsection.6.29.1}{\376\377\000D\000e\000t\000a\000i\000l\000e\000d\000\040\000D\000e\000s\000c\000r\000i\000p\000t\000i\000o\000n}{section.6.29}% 149
\BOOKMARK [1][-]{section.6.30}{\376\377\000p\000o\000p\000e\000y\000e\000.\000c\000p\000p\000\040\000F\000i\000l\000e\000\040\000R\000e\000f\000e\000r\000e\000n\000c\000e}{chapter.6}% 150
\BOOKMARK [2][-]{subsection.6.30.1}{\376\377\000D\000e\000t\000a\000i\000l\000e\000d\000\040\000D\000e\000s\000c\000r\000i\000p\000t\000i\000o\000n}{section.6.30}% 151
\BOOKMARK [1][-]{section.6.31}{\376\377\000p\000o\000p\000e\000y\000e\000.\000h\000\040\000F\000i\000l\000e\000\040\000R\000e\000f\000e\000r\000e\000n\000c\000e}{chapter.6}% 152
\BOOKMARK [2][-]{subsection.6.31.1}{\376\377\000D\000e\000t\000a\000i\000l\000e\000d\000\040\000D\000e\000s\000c\000r\000i\000p\000t\000i\000o\000n}{section.6.31}% 153
\BOOKMARK [1][-]{section.6.32}{\376\377\000q\000u\000a\000l\000i\000t\000y\000c\000o\000n\000t\000r\000o\000l\000i\000c\000o\000n\000.\000c\000p\000p\000\040\000F\000i\000l\000e\000\040\000R\000e\000f\000e\000r\000e\000n\000c\000e}{chapter.6}% 154
\BOOKMARK [2][-]{subsection.6.32.1}{\376\377\000D\000e\000t\000a\000i\000l\000e\000d\000\040\000D\000e\000s\000c\000r\000i\000p\000t\000i\000o\000n}{section.6.32}% 155
\BOOKMARK [1][-]{section.6.33}{\376\377\000q\000u\000a\000l\000i\000t\000y\000c\000o\000n\000t\000r\000o\000l\000i\000c\000o\000n\000.\000h\000\040\000F\000i\000l\000e\000\040\000R\000e\000f\000e\000r\000e\000n\000c\000e}{chapter.6}% 156
\BOOKMARK [2][-]{subsection.6.33.1}{\376\377\000D\000e\000t\000a\000i\000l\000e\000d\000\040\000D\000e\000s\000c\000r\000i\000p\000t\000i\000o\000n}{section.6.33}% 157
\BOOKMARK [1][-]{section.6.34}{\376\377\000r\000i\000v\000e\000r\000.\000c\000p\000p\000\040\000F\000i\000l\000e\000\040\000R\000e\000f\000e\000r\000e\000n\000c\000e}{chapter.6}% 158
\BOOKMARK [2][-]{subsection.6.34.1}{\376\377\000D\000e\000t\000a\000i\000l\000e\000d\000\040\000D\000e\000s\000c\000r\000i\000p\000t\000i\000o\000n}{section.6.34}% 159
\BOOKMARK [1][-]{section.6.35}{\376\377\000r\000i\000v\000e\000r\000.\000h\000\040\000F\000i\000l\000e\000\040\000R\000e\000f\000e\000r\000e\000n\000c\000e}{chapter.6}% 160
\BOOKMARK [2][-]{subsection.6.35.1}{\376\377\000D\000e\000t\000a\000i\000l\000e\000d\000\040\000D\000e\000s\000c\000r\000i\000p\000t\000i\000o\000n}{section.6.35}% 161
\BOOKMARK [1][-]{section.6.36}{\376\377\000r\000i\000v\000e\000r\000o\000b\000s\000t\000a\000c\000l\000e\000.\000c\000p\000p\000\040\000F\000i\000l\000e\000\040\000R\000e\000f\000e\000r\000e\000n\000c\000e}{chapter.6}% 162
\BOOKMARK [2][-]{subsection.6.36.1}{\376\377\000D\000e\000t\000a\000i\000l\000e\000d\000\040\000D\000e\000s\000c\000r\000i\000p\000t\000i\000o\000n}{section.6.36}% 163
\BOOKMARK [1][-]{section.6.37}{\376\377\000r\000i\000v\000e\000r\000o\000b\000s\000t\000a\000c\000l\000e\000.\000h\000\040\000F\000i\000l\000e\000\040\000R\000e\000f\000e\000r\000e\000n\000c\000e}{chapter.6}% 164
\BOOKMARK [2][-]{subsection.6.37.1}{\376\377\000D\000e\000t\000a\000i\000l\000e\000d\000\040\000D\000e\000s\000c\000r\000i\000p\000t\000i\000o\000n}{section.6.37}% 165
\BOOKMARK [1][-]{section.6.38}{\376\377\000r\000o\000c\000k\000.\000c\000p\000p\000\040\000F\000i\000l\000e\000\040\000R\000e\000f\000e\000r\000e\000n\000c\000e}{chapter.6}% 166
\BOOKMARK [2][-]{subsection.6.38.1}{\376\377\000D\000e\000t\000a\000i\000l\000e\000d\000\040\000D\000e\000s\000c\000r\000i\000p\000t\000i\000o\000n}{section.6.38}% 167
\BOOKMARK [1][-]{section.6.39}{\376\377\000r\000o\000c\000k\000.\000h\000\040\000F\000i\000l\000e\000\040\000R\000e\000f\000e\000r\000e\000n\000c\000e}{chapter.6}% 168
\BOOKMARK [2][-]{subsection.6.39.1}{\376\377\000D\000e\000t\000a\000i\000l\000e\000d\000\040\000D\000e\000s\000c\000r\000i\000p\000t\000i\000o\000n}{section.6.39}% 169
\BOOKMARK [1][-]{section.6.40}{\376\377\000s\000h\000i\000e\000l\000d\000.\000c\000p\000p\000\040\000F\000i\000l\000e\000\040\000R\000e\000f\000e\000r\000e\000n\000c\000e}{chapter.6}% 170
\BOOKMARK [2][-]{subsection.6.40.1}{\376\377\000D\000e\000t\000a\000i\000l\000e\000d\000\040\000D\000e\000s\000c\000r\000i\000p\000t\000i\000o\000n}{section.6.40}% 171
\BOOKMARK [1][-]{section.6.41}{\376\377\000s\000h\000i\000e\000l\000d\000.\000h\000\040\000F\000i\000l\000e\000\040\000R\000e\000f\000e\000r\000e\000n\000c\000e}{chapter.6}% 172
\BOOKMARK [2][-]{subsection.6.41.1}{\376\377\000D\000e\000t\000a\000i\000l\000e\000d\000\040\000D\000e\000s\000c\000r\000i\000p\000t\000i\000o\000n}{section.6.41}% 173
\BOOKMARK [1][-]{section.6.42}{\376\377\000s\000i\000g\000n\000i\000n\000w\000i\000d\000g\000e\000t\000.\000h\000\040\000F\000i\000l\000e\000\040\000R\000e\000f\000e\000r\000e\000n\000c\000e}{chapter.6}% 174
\BOOKMARK [2][-]{subsection.6.42.1}{\376\377\000D\000e\000t\000a\000i\000l\000e\000d\000\040\000D\000e\000s\000c\000r\000i\000p\000t\000i\000o\000n}{section.6.42}% 175
\BOOKMARK [1][-]{section.6.43}{\376\377\000s\000i\000g\000n\000u\000p\000w\000i\000d\000g\000e\000t\000.\000h\000\040\000F\000i\000l\000e\000\040\000R\000e\000f\000e\000r\000e\000n\000c\000e}{chapter.6}% 176
\BOOKMARK [2][-]{subsection.6.43.1}{\376\377\000D\000e\000t\000a\000i\000l\000e\000d\000\040\000D\000e\000s\000c\000r\000i\000p\000t\000i\000o\000n}{section.6.43}% 177
\BOOKMARK [1][-]{section.6.44}{\376\377\000s\000m\000a\000l\000l\000r\000i\000v\000e\000r\000.\000c\000p\000p\000\040\000F\000i\000l\000e\000\040\000R\000e\000f\000e\000r\000e\000n\000c\000e}{chapter.6}% 178
\BOOKMARK [2][-]{subsection.6.44.1}{\376\377\000D\000e\000t\000a\000i\000l\000e\000d\000\040\000D\000e\000s\000c\000r\000i\000p\000t\000i\000o\000n}{section.6.44}% 179
\BOOKMARK [1][-]{section.6.45}{\376\377\000s\000m\000a\000l\000l\000r\000i\000v\000e\000r\000.\000h\000\040\000F\000i\000l\000e\000\040\000R\000e\000f\000e\000r\000e\000n\000c\000e}{chapter.6}% 180
\BOOKMARK [2][-]{subsection.6.45.1}{\376\377\000D\000e\000t\000a\000i\000l\000e\000d\000\040\000D\000e\000s\000c\000r\000i\000p\000t\000i\000o\000n}{section.6.45}% 181
\BOOKMARK [1][-]{section.6.46}{\376\377\000s\000p\000i\000n\000a\000c\000h\000.\000c\000p\000p\000\040\000F\000i\000l\000e\000\040\000R\000e\000f\000e\000r\000e\000n\000c\000e}{chapter.6}% 182
\BOOKMARK [2][-]{subsection.6.46.1}{\376\377\000D\000e\000t\000a\000i\000l\000e\000d\000\040\000D\000e\000s\000c\000r\000i\000p\000t\000i\000o\000n}{section.6.46}% 183
\BOOKMARK [1][-]{section.6.47}{\376\377\000s\000p\000i\000n\000a\000c\000h\000.\000h\000\040\000F\000i\000l\000e\000\040\000R\000e\000f\000e\000r\000e\000n\000c\000e}{chapter.6}% 184
\BOOKMARK [2][-]{subsection.6.47.1}{\376\377\000D\000e\000t\000a\000i\000l\000e\000d\000\040\000D\000e\000s\000c\000r\000i\000p\000t\000i\000o\000n}{section.6.47}% 185
\BOOKMARK [1][-]{section.6.48}{\376\377\000t\000e\000s\000t\000e\000r\000.\000c\000p\000p\000\040\000F\000i\000l\000e\000\040\000R\000e\000f\000e\000r\000e\000n\000c\000e}{chapter.6}% 186
\BOOKMARK [2][-]{subsection.6.48.1}{\376\377\000D\000e\000t\000a\000i\000l\000e\000d\000\040\000D\000e\000s\000c\000r\000i\000p\000t\000i\000o\000n}{section.6.48}% 187
\BOOKMARK [1][-]{section.6.49}{\376\377\000t\000e\000s\000t\000e\000r\000.\000h\000\040\000F\000i\000l\000e\000\040\000R\000e\000f\000e\000r\000e\000n\000c\000e}{chapter.6}% 188
\BOOKMARK [2][-]{subsection.6.49.1}{\376\377\000D\000e\000t\000a\000i\000l\000e\000d\000\040\000D\000e\000s\000c\000r\000i\000p\000t\000i\000o\000n}{section.6.49}% 189
\BOOKMARK [1][-]{section.6.50}{\376\377\000t\000e\000s\000t\000i\000n\000g\000i\000c\000o\000n\000.\000c\000p\000p\000\040\000F\000i\000l\000e\000\040\000R\000e\000f\000e\000r\000e\000n\000c\000e}{chapter.6}% 190
\BOOKMARK [2][-]{subsection.6.50.1}{\376\377\000D\000e\000t\000a\000i\000l\000e\000d\000\040\000D\000e\000s\000c\000r\000i\000p\000t\000i\000o\000n}{section.6.50}% 191
\BOOKMARK [1][-]{section.6.51}{\376\377\000t\000e\000s\000t\000i\000n\000g\000i\000c\000o\000n\000.\000h\000\040\000F\000i\000l\000e\000\040\000R\000e\000f\000e\000r\000e\000n\000c\000e}{chapter.6}% 192
\BOOKMARK [2][-]{subsection.6.51.1}{\376\377\000D\000e\000t\000a\000i\000l\000e\000d\000\040\000D\000e\000s\000c\000r\000i\000p\000t\000i\000o\000n}{section.6.51}% 193
\BOOKMARK [1][-]{section.6.52}{\376\377\000w\000o\000n\000.\000c\000p\000p\000\040\000F\000i\000l\000e\000\040\000R\000e\000f\000e\000r\000e\000n\000c\000e}{chapter.6}% 194
\BOOKMARK [2][-]{subsection.6.52.1}{\376\377\000D\000e\000t\000a\000i\000l\000e\000d\000\040\000D\000e\000s\000c\000r\000i\000p\000t\000i\000o\000n}{section.6.52}% 195
\BOOKMARK [1][-]{section.6.53}{\376\377\000w\000o\000n\000.\000h\000\040\000F\000i\000l\000e\000\040\000R\000e\000f\000e\000r\000e\000n\000c\000e}{chapter.6}% 196
\BOOKMARK [2][-]{subsection.6.53.1}{\376\377\000D\000e\000t\000a\000i\000l\000e\000d\000\040\000D\000e\000s\000c\000r\000i\000p\000t\000i\000o\000n}{section.6.53}% 197
